<?xml version="1.0" encoding="UTF-8"?>
<!-- Generated by org.testng.reporters.JUnitXMLReporter -->
<testsuite hostname="SHESADAS-3MV9K" name="Test" tests="3" failures="0" timestamp="18 May 2016 09:01:35 GMT" time="197.513" errors="0">
  <testcase name="open" time="49.737" classname="internetexplorer.SingleMeetingIE"/>
  <testcase name="open" time="61.431" classname="internetexplorer.RecMeetingIE"/>
  <testcase name="open" time="66.919" classname="internetexplorer.WebexSingleIE"/>
</testsuite> <!-- Test -->
