<?xml version="1.0" encoding="UTF-8"?>
<testng-results skipped="0" failed="0" total="1" passed="1">
  <reporter-output>
  </reporter-output>
  <suite name="Default suite" duration-ms="78758" started-at="2016-05-18T09:28:15Z" finished-at="2016-05-18T09:29:34Z">
    <groups>
    </groups>
    <test name="Default test" duration-ms="78758" started-at="2016-05-18T09:28:15Z" finished-at="2016-05-18T09:29:34Z">
      <class name="internetexplorer.WebexRecIE">
        <test-method status="PASS" signature="setUp()[pri:0, instance:internetexplorer.WebexRecIE@e92674]" name="setUp" is-config="true" duration-ms="2546" started-at="2016-05-18T14:58:15Z" finished-at="2016-05-18T14:58:18Z">
          <reporter-output>
          </reporter-output>
        </test-method> <!-- setUp -->
        <test-method status="PASS" signature="open()[pri:0, instance:internetexplorer.WebexRecIE@e92674]" name="open" duration-ms="75210" started-at="2016-05-18T14:58:18Z" finished-at="2016-05-18T14:59:33Z">
          <reporter-output>
          </reporter-output>
        </test-method> <!-- open -->
        <test-method status="PASS" signature="tearDown()[pri:0, instance:internetexplorer.WebexRecIE@e92674]" name="tearDown" is-config="true" duration-ms="988" started-at="2016-05-18T14:59:33Z" finished-at="2016-05-18T14:59:34Z">
          <reporter-output>
          </reporter-output>
        </test-method> <!-- tearDown -->
      </class> <!-- internetexplorer.WebexRecIE -->
    </test> <!-- Default test -->
  </suite> <!-- Default suite -->
</testng-results>
